[LOG] System::create                           : Header version = 2.02.13. Current version = 2.02.13.
[LOG] Manager::init                            : maxchannels = 256 studioflags = 00000006 flags 00000000 extradriverdata 0000000000000000.
[LOG] SystemI::init                            : Initialize version=20213 (132591), maxchannels=256, flags=0x00020000
[LOG] SystemI::setOutputInternal               : Setting output to 'FMOD WASAPI Output'
[LOG] OutputWASAPI::init                       : Mix Format (WAVEFORMATEX): wFormatTag=0xFFFE, nChannels=2, nSamplesPerSec=48000, nAvgBytesPerSec=384000, nBlockAlign=8, wBitsPerSample=32, cbSize=22.
[LOG] OutputWASAPI::init                       : Mix Format (WAVEFORMATEXTENSIBLE): wValidBitsPerSample=32, dwChannelMask=0x00000003, SubFormat=00000003-0000-0010-8000-00AA00389B71.
[LOG] OutputWASAPI::init                       : Output buffer size: 4096 samples, latency: 0.00ms, period: 10.00ms, DSP buffer: 1024 * 4
[LOG] Thread::initThread                       : Init FMOD stream thread. Affinity: 0x4000000000000003, Priority: 0xFFFF7FFB, Stack Size: 98304, Semaphore: No, Sleep Time: 10, Looping: Yes.
[LOG] Thread::initThread                       : Init FMOD mixer thread. Affinity: 0x4000000000000001, Priority: 0xFFFF7FFA, Stack Size: 81920, Semaphore: No, Sleep Time: 0, Looping: Yes.
[LOG] AsyncManager::init                       : manager 0000025761EBFCF8 isAsync 0 updatePeriod 0.02
[LOG] AsyncManager::init                       : done
[LOG] PlaybackSystem::init                     : 
[LOG] Thread::initThread                       : Init FMOD Studio sample load thread. Affinity: 0x4000000000000003, Priority: 0xFFFF7FFD, Stack Size: 98304, Semaphore: No, Sleep Time: 1, Looping: No.
[LOG] PlaybackSystem::init                     : done
[LOG] Thread::initThread                       : Init FMOD Studio bank load thread. Affinity: 0x4000000000000003, Priority: 0xFFFF7FFD, Stack Size: 98304, Semaphore: No, Sleep Time: 1, Looping: No.
[LOG] Manager::init                            : done.
[LOG] Manager::readBank                        : fileversion = 142, compatVersion = 140 (oldest = 44, newest = 142)
[LOG] Manager::readBank                        : fileversion = 142, compatVersion = 140 (oldest = 44, newest = 142)
[LOG] PlaybackSystem::acquireMasterBus         : Setting master channel group format to 6
[LOG] Manager::readBank                        : fileversion = 142, compatVersion = 140 (oldest = 44, newest = 142)
[LOG] Manager::readBank                        : fileversion = 142, compatVersion = 140 (oldest = 44, newest = 142)
[LOG] SystemI::mixerSuspend                    : Suspending output.
[LOG] SystemI::mixerResume                     : Resuming output.
[LOG] SystemI::mixerSuspend                    : Suspending output.
[LOG] SystemI::mixerResume                     : Resuming output.
[WRN] OutputWASAPI::mixerThread                : Starvation detected in WASAPI output buffer!
[LOG] SystemI::createSoundInternal             : Create name='', mode=0x02000202
[LOG] SystemI::createSoundInternal             : exinfo->cbsize             = 224
[LOG] SystemI::createSoundInternal             : exinfo->length             = 262720
[LOG] SystemI::createSoundInternal             : exinfo->fileoffset         = 24768
[LOG] SystemI::createSoundInternal             : exinfo->numsubsounds       = 1
[LOG] SystemI::createSoundInternal             : exinfo->inclusionlist      = 000000C7878FF428
[LOG] SystemI::createSoundInternal             : exinfo->inclusionlistnum   = 1
[LOG] SystemI::createSoundInternal             : exinfo->suggestedsoundtype = 5
[LOG] SystemI::createSoundInternal             : exinfo->useropen           = 00007FFF1B9F39D0
[LOG] SystemI::createSoundInternal             : exinfo->userclose          = 00007FFF1B9F3990
[LOG] SystemI::createSoundInternal             : exinfo->userread           = 00007FFF1B9F3AB0
[LOG] SystemI::createSoundInternal             : exinfo->userseek           = 00007FFF1B9F3B70
[LOG] SystemI::createSoundInternal             : exinfo->fileuserdata       = 000002575F040DB8
[LOG] SystemI::createSoundInternal             : exinfo->initialseekpostype = 1
[LOG] SystemI::DSPCodecPoolRegister            : register codec pool for pool type 5
[LOG] SystemI::createSoundInternal             : Sample 0/1: name='sfx_combodrop', format=5, channels=2, frequency=48000, lengthbytes=704, lengthpcm=24064, pcmblocksize=0, loopstart=0, loopend=0, mode=0x00000000, channelmask=0x00000000, channelorder=0, peakvolume=0.655121.
[LOG] SystemI::createSoundInternal             : Create name='', mode=0x02000202
[LOG] SystemI::createSoundInternal             : exinfo->cbsize             = 224
[LOG] SystemI::createSoundInternal             : exinfo->length             = 262720
[LOG] SystemI::createSoundInternal             : exinfo->fileoffset         = 24768
[LOG] SystemI::createSoundInternal             : exinfo->numsubsounds       = 1
[LOG] SystemI::createSoundInternal             : exinfo->inclusionlist      = 000000C7878FF428
[LOG] SystemI::createSoundInternal             : exinfo->inclusionlistnum   = 1
[LOG] SystemI::createSoundInternal             : exinfo->suggestedsoundtype = 5
[LOG] SystemI::createSoundInternal             : exinfo->useropen           = 00007FFF1B9F39D0
[LOG] SystemI::createSoundInternal             : exinfo->userclose          = 00007FFF1B9F3990
[LOG] SystemI::createSoundInternal             : exinfo->userread           = 00007FFF1B9F3AB0
[LOG] SystemI::createSoundInternal             : exinfo->userseek           = 00007FFF1B9F3B70
[LOG] SystemI::createSoundInternal             : exinfo->fileuserdata       = 00000256AC099458
[LOG] SystemI::createSoundInternal             : exinfo->initialseekpostype = 1
[LOG] SystemI::DSPCodecPoolRegister            : register codec pool for pool type 5
[LOG] SystemI::createSoundInternal             : Sample 0/1: name='sfx_crouching_legsweep', format=5, channels=2, frequency=48000, lengthbytes=4544, lengthpcm=24000, pcmblocksize=0, loopstart=0, loopend=0, mode=0x00000000, channelmask=0x00000000, channelorder=0, peakvolume=0.358734.
[LOG] SystemI::createSoundInternal             : Create name='', mode=0x02000202
[LOG] SystemI::createSoundInternal             : exinfo->cbsize             = 224
[LOG] SystemI::createSoundInternal             : exinfo->length             = 262720
[LOG] SystemI::createSoundInternal             : exinfo->fileoffset         = 24768
[LOG] SystemI::createSoundInternal             : exinfo->numsubsounds       = 1
[LOG] SystemI::createSoundInternal             : exinfo->inclusionlist      = 000000C7878FF428
[LOG] SystemI::createSoundInternal             : exinfo->inclusionlistnum   = 1
[LOG] SystemI::createSoundInternal             : exinfo->suggestedsoundtype = 5
[LOG] SystemI::createSoundInternal             : exinfo->useropen           = 00007FFF1B9F39D0
[LOG] SystemI::createSoundInternal             : exinfo->userclose          = 00007FFF1B9F3990
[LOG] SystemI::createSoundInternal             : exinfo->userread           = 00007FFF1B9F3AB0
[LOG] SystemI::createSoundInternal             : exinfo->userseek           = 00007FFF1B9F3B70
[LOG] SystemI::createSoundInternal             : exinfo->fileuserdata       = 00000256AC099458
[LOG] SystemI::createSoundInternal             : exinfo->initialseekpostype = 1
[LOG] SystemI::DSPCodecPoolRegister            : register codec pool for pool type 5
[LOG] SystemI::createSoundInternal             : Sample 0/1: name='sfx_energyblast', format=5, channels=2, frequency=48000, lengthbytes=52288, lengthpcm=192000, pcmblocksize=0, loopstart=0, loopend=0, mode=0x00000000, channelmask=0x00000000, channelorder=0, peakvolume=0.967621.
[LOG] SystemI::createSoundInternal             : Create name='', mode=0x02000202
[LOG] SystemI::createSoundInternal             : exinfo->cbsize             = 224
[LOG] SystemI::createSoundInternal             : exinfo->length             = 262720
[LOG] SystemI::createSoundInternal             : exinfo->fileoffset         = 24768
[LOG] SystemI::createSoundInternal             : exinfo->numsubsounds       = 1
[LOG] SystemI::createSoundInternal             : exinfo->inclusionlist      = 000000C7878FF428
[LOG] SystemI::createSoundInternal             : exinfo->inclusionlistnum   = 1
[LOG] SystemI::createSoundInternal             : exinfo->suggestedsoundtype = 5
[LOG] SystemI::createSoundInternal             : exinfo->useropen           = 00007FFF1B9F39D0
[LOG] SystemI::createSoundInternal             : exinfo->userclose          = 00007FFF1B9F3990
[LOG] SystemI::createSoundInternal             : exinfo->userread           = 00007FFF1B9F3AB0
[LOG] SystemI::createSoundInternal             : exinfo->userseek           = 00007FFF1B9F3B70
[LOG] SystemI::createSoundInternal             : exinfo->fileuserdata       = 00000256AC099A88
[LOG] SystemI::createSoundInternal             : exinfo->initialseekpostype = 1
[LOG] SystemI::DSPCodecPoolRegister            : register codec pool for pool type 5
[LOG] SystemI::createSoundInternal             : Sample 0/1: name='sfx_gale_canon', format=5, channels=2, frequency=48000, lengthbytes=35168, lengthpcm=192000, pcmblocksize=0, loopstart=0, loopend=0, mode=0x00000000, channelmask=0x00000000, channelorder=0, peakvolume=0.999969.
[LOG] SystemI::mixerSuspend                    : Suspending output.
[WRN] OutputWASAPI::mixerThread                : Starvation detected in WASAPI output buffer!
[WRN] OutputWASAPI::mixerThread                : Starvation detected in WASAPI output buffer!
[WRN] OutputWASAPI::mixerThread                : Starvation detected in WASAPI output buffer!
[WRN] OutputWASAPI::mixerThread                : Starvation detected in WASAPI output buffer!
[WRN] OutputWASAPI::mixerThread                : Starvation detected in WASAPI output buffer!
[WRN] OutputWASAPI::mixerThread                : Starvation detected in WASAPI output buffer!
[WRN] OutputWASAPI::mixerThread                : Starvation detected in WASAPI output buffer!
[WRN] OutputWASAPI::mixerThread                : Starvation detected in WASAPI output buffer!
[WRN] OutputWASAPI::mixerThread                : Starvation detected in WASAPI output buffer!
[WRN] OutputWASAPI::mixerThread                : Starvation detected in WASAPI output buffer!
[WRN] OutputWASAPI::mixerThread                : Starvation detected in WASAPI output buffer!
[LOG] SystemI::mixerResume                     : Resuming output.
[LOG] SoundI::release                          :  (00000257B42F5A08)
[LOG] SoundI::release                          :     sfx_combodrop (000002566428B388)
[LOG] SoundI::release                          :  (00000257B42F4758)
[LOG] SoundI::release                          :     sfx_crouching_legsweep (0000025664288C88)
[LOG] SoundI::release                          :  (00000257B42F4A38)
[LOG] SoundI::release                          :     sfx_energyblast (000002566428B528)
[LOG] SoundI::release                          :  (00000257B42F4E88)
[LOG] SoundI::release                          :     sfx_gale_canon (000002566428A348)
[WRN] OutputWASAPI::mixerThread                : Starvation detected in WASAPI output buffer!
[LOG] SoundI::release                          :  (00000257B42F6588)
[LOG] SoundI::release                          :     sfx_standingpush_swoosh-kick (00000256999611B8)
[LOG] SoundI::release                          :  (00000257B42F45E8)
[LOG] SoundI::release                          :     sfx_talonstrike (000002565B2B66C8)
[LOG] SoundI::release                          :  (00000257B42F62A8)
[LOG] SoundI::release                          :     sfx_jumping_flamethrower (0000025664289B28)
[LOG] SoundI::release                          :  (000002566CFCB498)
[LOG] SoundI::release                          :     sfx_lightblunt_impact (00000256677CB658)
[LOG] SoundI::release                          :  (00000257B42F31C8)
[LOG] SoundI::release                          :     sfx_crouching_legsweep (000002566428A828)
[LOG] SoundI::release                          :  (00000257B42F5448)
[LOG] SoundI::release                          :     sfx_jump (000002569946CE38)
[LOG] SoundI::release                          :  (00000257B42F5168)
[LOG] SoundI::release                          :     sfx_crouching_knife (00000256677C9778)
[LOG] SoundI::release                          :  (00000257B42F6CB8)
[LOG] SoundI::release                          :     sfx_standing_strong (000002566004F028)
[LOG] SoundI::release                          :  (00000257B42F48C8)
[LOG] SoundI::release                          :     sfx_passing_breeze (0000025663C7DD98)
[LOG] SoundI::release                          :  (000002575EDD3308)
[LOG] SoundI::release                          :     sfx_jumpingkick (00000256677CC9D8)
[LOG] SoundI::release                          :  (00000257B42F6418)
[LOG] SoundI::release                          :     sfx_crouching_strong (0000025663C7C398)
[LOG] SoundI::release                          :  (00000257B42F6E28)
[LOG] SoundI::release                          :     sfx_jumpingstrong(magictimebomb) (000002566004E9A8)
[LOG] Thread::callback                         : FMOD Studio update thread finished.
[LOG] Thread::callback                         : FMOD Studio bank load thread finished.
[LOG] Profile::disconnectAll                   : Profiler disconnecting all clients
[LOG] Thread::callback                         : FMOD Studio sample load thread finished.
[LOG] LiveUpdate::release                      : 
[LOG] LiveUpdate::reset                        : Reset connection (reason Disconnected)
[LOG] Thread::callback                         : FMOD stream thread finished.
[LOG] Thread::callback                         : FMOD mixer thread finished.
[LOG] Profile::disconnectAll                   : Profiler disconnecting all clients
[LOG] SystemI::close                           : Closed.
